<?xml version="1.0" encoding="UTF-8"?>
<!-- Generated by org.testng.reporters.JUnitReportReporter -->
<testsuite hostname="HP" failures="0" tests="1" name="begin.Test02" time="331.370" errors="0" timestamp="2022-05-22T23:29:49 IST" skipped="0">
  <testcase classname="begin.Test02" name="test002" time="331.370"/>
  <system-out/>
</testsuite> <!-- begin.Test02 -->
