<?xml version="1.0" encoding="UTF-8"?>
<!-- Generated by org.testng.reporters.JUnitReportReporter -->
<testsuite hostname="HP" failures="0" tests="1" name="begin.Test01" time="357.523" errors="0" timestamp="2022-05-23T22:57:13 IST" skipped="0">
  <testcase classname="begin.Test01" name="test002" time="357.523"/>
  <system-out/>
</testsuite> <!-- begin.Test01 -->
